0 info it worked if it ends with ok
1 verbose cli [ '/home/profesor/.nvm/versions/node/v5.0.0/bin/node',
1 verbose cli   '/home/profesor/.nvm/versions/node/v5.0.0/bin/npm',
1 verbose cli   'start' ]
2 info using npm@3.3.6
3 info using node@v5.0.0
4 verbose stack Error: Failed to parse json
4 verbose stack Unexpected token 'n' at 7:14
4 verbose stack     "start": node app/server.js,
4 verbose stack              ^
4 verbose stack     at parseError (/home/profesor/.nvm/versions/node/v5.0.0/lib/node_modules/npm/node_modules/read-package-json/read-json.js:379:11)
4 verbose stack     at parseJson (/home/profesor/.nvm/versions/node/v5.0.0/lib/node_modules/npm/node_modules/read-package-json/read-json.js:68:23)
4 verbose stack     at /home/profesor/.nvm/versions/node/v5.0.0/lib/node_modules/npm/node_modules/read-package-json/read-json.js:48:5
4 verbose stack     at /home/profesor/.nvm/versions/node/v5.0.0/lib/node_modules/npm/node_modules/graceful-fs/graceful-fs.js:76:16
4 verbose stack     at tryToString (fs.js:414:3)
4 verbose stack     at FSReqWrap.readFileAfterClose [as oncomplete] (fs.js:401:12)
5 verbose cwd /home/profesor/apirest-cervezas
6 error Linux 3.13.0-24-generic
7 error argv "/home/profesor/.nvm/versions/node/v5.0.0/bin/node" "/home/profesor/.nvm/versions/node/v5.0.0/bin/npm" "start"
8 error node v5.0.0
9 error npm  v3.3.6
10 error file /home/profesor/apirest-cervezas/package.json
11 error code EJSONPARSE
12 error Failed to parse json
12 error Unexpected token 'n' at 7:14
12 error     "start": node app/server.js,
12 error              ^
13 error File: /home/profesor/apirest-cervezas/package.json
14 error Failed to parse package.json data.
14 error package.json must be actual JSON, not just JavaScript.
14 error
14 error This is not a bug in npm.
14 error Tell the package author to fix their package.json file. JSON.parse
15 verbose exit [ 1, true ]
